This is XeTeXk, Version 3.1415926-2.2-0.999.6 (Web2C 7.5.7) (format=xelatex 2008.9.1)  25 JAN 2009 22:08
entering extended mode
\write18 enabled.
 %&-line parsing enabled.
**disertace.tex
(./disertace.tex
LaTeX2e <2005/12/01>
Babel <v3.8l> and hyphenation patterns for english, usenglishmax, dumylang, noh
yphenation, german-x-2008-06-18, ngerman-x-2008-06-18, ancientgreek, ibycus, ar
abic, basque, bulgarian, catalan, pinyin, coptic, croatian, czech, danish, dutc
h, esperanto, estonian, farsi, finnish, french, galician, german, ngerman, mono
greek, greek, hungarian, icelandic, indonesian, interlingua, irish, italian, la
tin, mongolian, mongolian2a, bokmal, nynorsk, polish, portuguese, romanian, rus
sian, sanskrit, serbian, slovak, slovenian, spanish, swedish, turkish, ukenglis
h, ukrainian, uppersorbian, welsh, loaded.
(/usr/local/texlive/2008/texmf-dist/tex/latex/base/article.cls
Document Class: article 2005/09/16 v1.4f Standard LaTeX document class
(/usr/local/texlive/2008/texmf-dist/tex/latex/base/size11.clo
File: size11.clo 2005/09/16 v1.4f Standard LaTeX file (size option)
)
\c@part=\count79
\c@section=\count80
\c@subsection=\count81
\c@subsubsection=\count82
\c@paragraph=\count83
\c@subparagraph=\count84
\c@figure=\count85
\c@table=\count86
\abovecaptionskip=\skip41
\belowcaptionskip=\skip42
\bibindent=\dimen102
)
(/usr/local/texlive/2008/texmf-dist/tex/xelatex/fontspec/fontspec.sty
Package: fontspec 2008/08/09 v1.18 Advanced font selection for XeLaTeX

(/usr/local/texlive/2008/texmf-dist/tex/generic/ifxetex/ifxetex.sty
Package: ifxetex 2006/08/21 v0.3 Provides ifxetex conditional
)
\c@zf@newff=\count87
\c@zf@index=\count88
\c@zf@script=\count89
\c@zf@language=\count90

(/usr/local/texlive/2008/texmf-dist/tex/latex/tools/calc.sty
Package: calc 2005/08/06 v4.2 Infix arithmetic (KKT,FJ)
\calc@Acount=\count91
\calc@Bcount=\count92
\calc@Adimen=\dimen103
\calc@Bdimen=\dimen104
\calc@Askip=\skip43
\calc@Bskip=\skip44
LaTeX Info: Redefining \setlength on input line 75.
LaTeX Info: Redefining \addtolength on input line 76.
\calc@Ccount=\count93
\calc@Cskip=\skip45
)
(/usr/local/texlive/2008/texmf-dist/tex/latex/xkeyval/xkeyval.sty
Package: xkeyval 2008/08/13 v2.6a package option processing (HA)

(/usr/local/texlive/2008/texmf-dist/tex/generic/xkeyval/xkeyval.tex
\XKV@toks=\toks14
\XKV@tempa@toks=\toks15
\XKV@depth=\count94
File: xkeyval.tex 2008/08/13 v2.6a key=value parser (HA)

(/usr/local/texlive/2008/texmf-dist/tex/generic/xkeyval/keyval.tex)))
(/usr/local/texlive/2008/texmf-dist/tex/latex/base/fontenc.sty
Package: fontenc 2005/09/27 v1.99g Standard LaTeX package

(/usr/local/texlive/2008/texmf-dist/tex/xelatex/euenc/eu1enc.def
File: eu1enc.def 2008/03/08 v0.1d Experimental unicode font encoding
)
LaTeX Font Info:    Try loading font information for EU1+lmr on input line 100.


(/usr/local/texlive/2008/texmf-dist/tex/xelatex/euenc/eu1lmr.fd
File: eu1lmr.fd 2007/01/14 v1.3 Font defs for Latin Modern
))
LaTeX Info: Redefining \itshape on input line 1163.
LaTeX Info: Redefining \slshape on input line 1166.
LaTeX Info: Redefining \scshape on input line 1169.
LaTeX Info: Redefining \upshape on input line 1172.

fontspec.cfg loaded.
(/usr/local/texlive/2008/texmf-dist/tex/xelatex/fontspec/fontspec.cfg))
(/usr/local/texlive/2008/texmf-dist/tex/xelatex/xunicode/xunicode.sty
File: xunicode.sty 2008/02/08 v0.91 provides access to latin accents and many o
ther characters in Unicode lower plane
)
(/usr/local/texlive/2008/texmf-dist/tex/xelatex/xltxtra/xltxtra.sty
Package: xltxtra 2008/07/29 v0.4 Improvements for the "XeLaTeX" format

(/usr/local/texlive/2008/texmf-dist/tex/latex/graphics/graphicx.sty
Package: graphicx 1999/02/16 v1.0f Enhanced LaTeX Graphics (DPC,SPQR)

(/usr/local/texlive/2008/texmf-dist/tex/latex/graphics/graphics.sty
Package: graphics 2006/02/20 v1.0o Standard LaTeX Graphics (DPC,SPQR)

(/usr/local/texlive/2008/texmf-dist/tex/latex/graphics/trig.sty
Package: trig 1999/03/16 v1.09 sin cos tan (DPC)
)
(/usr/local/texlive/2008/texmf/tex/latex/config/graphics.cfg
File: graphics.cfg 2007/01/18 v1.5 graphics configuration of teTeX/TeXLive
)
Package graphics Info: Driver file: xetex.def on input line 90.

(/usr/local/texlive/2008/texmf-dist/tex/xelatex/xetex-def/xetex.def
File: xetex.def 2006/08/10 v0.92 LaTeX color/graphics driver for XeTeX (RRM, mo
d. JK)
))
\Gin@req@height=\dimen105
\Gin@req@width=\dimen106
)
LaTeX Info: Redefining \TeX on input line 42.
LaTeX Info: Redefining \LaTeX on input line 48.

(/usr/local/texlive/2008/texmf-dist/tex/latex/etex-pkg/etex.sty
Package: etex 1998/03/26 v2.0 eTeX basic definition package (PEB)
\et@xins=\count95
)
(/usr/local/texlive/2008/texmf-dist/tex/latex/base/fixltx2e.sty
Package: fixltx2e 2006/03/24 v1.1n fixes to LaTeX
LaTeX Info: Redefining \em on input line 420.
)
LaTeX Info: Redefining \em on input line 117.
LaTeX Info: Redefining \emph on input line 126.
LaTeX Info: Redefining \- on input line 131.
LaTeX Info: Redefining \textsubscript on input line 150.
LaTeX Info: Redefining \textsuperscript on input line 152.
\xxt@tempbox=\box26
)
\c@zf@famc@Adobe Caslon Pro=\count96
Package fontspec Info: Defining font family for 'Adobe Caslon Pro' with options
 [Mapping=tex-text,] on input line 7.
Package fontspec Info: Monaco scale = 0.76964 on input line 8.
\c@zf@famc@Monaco=\count97
Package fontspec Info: Defining font family for 'Monaco' with options [Mapping=
tex-text,Scale=MatchLowercase] on input line 8.
Package fontspec Info: Monaco scale = 0.76964 on input line 8.
Package fontspec Info: Could not resolve font Monaco/B (it might not exist) on 
input line 8.
Package fontspec Info: Could not resolve font Monaco/I (it might not exist) on 
input line 8.
Package fontspec Info: Could not resolve font Monaco/BI (it might not exist) on
 input line 8.
\c@zf@famc@Cambria Math=\count98
Package fontspec Info: Defining font family for 'Cambria Math' with options [Ma
pping=tex-text,] on input line 9.
Package fontspec Info: Could not resolve font Cambria Math/B (it might not exis
t) on input line 9.
Package fontspec Info: Could not resolve font Cambria Math/I (it might not exis
t) on input line 9.
Package fontspec Info: Could not resolve font Cambria Math/BI (it might not exi
st) on input line 9.

(/usr/local/texlive/2008/texmf-dist/tex/latex/paralist/paralist.sty
Package: paralist 2002/03/18 v2.3b Extended list environments (BS)
\pltopsep=\skip46
\plpartopsep=\skip47
\plitemsep=\skip48
\plparsep=\skip49
\pl@lab=\toks16
)
(/usr/local/texlive/2008/texmf-dist/tex/latex/natbib/natbib.sty
Package: natbib 2007/10/30 8.1 (PWD)
\bibhang=\skip50
\bibsep=\skip51
LaTeX Info: Redefining \cite on input line 602.
\c@NAT@ctr=\count99
)
(/usr/local/texlive/2008/texmf-dist/tex/latex/gb4e/gb4e.sty
(/usr/local/texlive/2008/texmf-dist/tex/latex/gb4e/cgloss4e.sty
\lineone=\box27
\linetwo=\box28
\linethree=\box29
\wordone=\box30
\wordtwo=\box31
\wordthree=\box32
\gline=\box33
\glossglue=\skip52
)
\c@fnx=\count100
\@xnumdepth=\count101
\c@xnumi=\count102
\c@xnumii=\count103
\c@xnumiii=\count104
\c@xnumiv=\count105
\c@exx=\count106
\c@rxnumi=\count107
\c@rxnumii=\count108
\c@rxnumiii=\count109
\c@rxnumiv=\count110
\lcommentsep=\skip53
)
(/usr/local/texlive/2008/texmf-dist/tex/latex/wrapfig/wrapfig.sty
\wrapoverhang=\dimen107
\WF@size=\dimen108
\c@WF@wrappedlines=\count111
\WF@box=\box34
\WF@everypar=\toks17
Package: wrapfig 2003/01/31  v 3.6
)
(./disertace.aux)
\openout1 = `disertace.aux'.

LaTeX Font Info:    Checking defaults for OML/cmm/m/it on input line 24.
LaTeX Font Info:    ... okay on input line 24.
LaTeX Font Info:    Checking defaults for T1/cmr/m/n on input line 24.
LaTeX Font Info:    ... okay on input line 24.
LaTeX Font Info:    Checking defaults for OT1/cmr/m/n on input line 24.
LaTeX Font Info:    ... okay on input line 24.
LaTeX Font Info:    Checking defaults for OMS/cmsy/m/n on input line 24.
LaTeX Font Info:    ... okay on input line 24.
LaTeX Font Info:    Checking defaults for OMX/cmex/m/n on input line 24.
LaTeX Font Info:    ... okay on input line 24.
LaTeX Font Info:    Checking defaults for U/cmr/m/n on input line 24.
LaTeX Font Info:    ... okay on input line 24.
LaTeX Font Info:    Checking defaults for EU1/lmr/m/n on input line 24.
LaTeX Font Info:    ... okay on input line 24.
Package fontspec Info: Adjusting the maths setup (use [no-math] to avoid this).
 on input line 24.
\symlegacymaths=\mathgroup4
LaTeX Font Info:    Overwriting symbol font `legacymaths' in version `bold'
(Font)                  OT1/cmr/m/n --> OT1/cmr/bx/n on input line 24.
LaTeX Font Info:    Redeclaring math accent \acute on input line 24.
LaTeX Font Info:    Redeclaring math accent \grave on input line 24.
LaTeX Font Info:    Redeclaring math accent \ddot on input line 24.
LaTeX Font Info:    Redeclaring math accent \tilde on input line 24.
LaTeX Font Info:    Redeclaring math accent \bar on input line 24.
LaTeX Font Info:    Redeclaring math accent \breve on input line 24.
LaTeX Font Info:    Redeclaring math accent \check on input line 24.
LaTeX Font Info:    Redeclaring math accent \hat on input line 24.
LaTeX Font Info:    Redeclaring math accent \dot on input line 24.
LaTeX Font Info:    Redeclaring math accent \mathring on input line 24.
LaTeX Font Info:    Redeclaring math symbol \colon on input line 24.
LaTeX Font Info:    Redeclaring math symbol \Gamma on input line 24.
LaTeX Font Info:    Redeclaring math symbol \Delta on input line 24.
LaTeX Font Info:    Redeclaring math symbol \Theta on input line 24.
LaTeX Font Info:    Redeclaring math symbol \Lambda on input line 24.
LaTeX Font Info:    Redeclaring math symbol \Xi on input line 24.
LaTeX Font Info:    Redeclaring math symbol \Pi on input line 24.
LaTeX Font Info:    Redeclaring math symbol \Sigma on input line 24.
LaTeX Font Info:    Redeclaring math symbol \Upsilon on input line 24.
LaTeX Font Info:    Redeclaring math symbol \Phi on input line 24.
LaTeX Font Info:    Redeclaring math symbol \Psi on input line 24.
LaTeX Font Info:    Redeclaring math symbol \Omega on input line 24.
LaTeX Font Info:    Redeclaring math symbol \mathdollar on input line 24.
LaTeX Font Info:    Redeclaring symbol font `operators' on input line 24.
LaTeX Font Info:    Encoding `OT1' has changed to `EU1' for symbol font
(Font)              `operators' in the math version `normal' on input line 24.
LaTeX Font Info:    Overwriting symbol font `operators' in version `normal'
(Font)                  OT1/cmr/m/n --> EU1/CambriaMath(0)/m/n on input line 24
.
LaTeX Font Info:    Encoding `OT1' has changed to `EU1' for symbol font
(Font)              `operators' in the math version `bold' on input line 24.
LaTeX Font Info:    Overwriting symbol font `operators' in version `bold'
(Font)                  OT1/cmr/bx/n --> EU1/CambriaMath(0)/m/n on input line 2
4.
LaTeX Font Info:    Overwriting symbol font `operators' in version `normal'
(Font)                  EU1/CambriaMath(0)/m/n --> EU1/CambriaMath(0)/m/n on in
put line 24.
LaTeX Font Info:    Overwriting math alphabet `\mathrm' in version `normal'
(Font)                  EU1/CambriaMath(0)/m/n --> EU1/CambriaMath(0)/m/n on in
put line 24.
LaTeX Font Info:    Overwriting math alphabet `\mathit' in version `normal'
(Font)                  OT1/cmr/m/it --> EU1/CambriaMath(0)/m/it on input line 
24.
LaTeX Font Info:    Overwriting math alphabet `\mathbf' in version `normal'
(Font)                  OT1/cmr/bx/n --> EU1/CambriaMath(0)/bx/n on input line 
24.
LaTeX Font Info:    Overwriting math alphabet `\mathsf' in version `normal'
(Font)                  OT1/cmss/m/n --> EU1/lmss/m/n on input line 24.
LaTeX Font Info:    Overwriting math alphabet `\mathtt' in version `normal'
(Font)                  OT1/cmtt/m/n --> EU1/Monaco(0)/m/n on input line 24.
LaTeX Font Info:    Overwriting symbol font `operators' in version `bold'
(Font)                  EU1/CambriaMath(0)/m/n --> EU1/CambriaMath(0)/bx/n on i
nput line 24.
LaTeX Font Info:    Overwriting math alphabet `\mathrm' in version `bold'
(Font)                  EU1/CambriaMath(0)/m/n --> EU1/CambriaMath(0)/bx/n on i
nput line 24.
LaTeX Font Info:    Overwriting math alphabet `\mathit' in version `bold'
(Font)                  OT1/cmr/bx/it --> EU1/CambriaMath(0)/bx/it on input lin
e 24.
LaTeX Font Info:    Overwriting math alphabet `\mathsf' in version `bold'
(Font)                  OT1/cmss/bx/n --> EU1/lmss/bx/n on input line 24.
LaTeX Font Info:    Overwriting math alphabet `\mathtt' in version `bold'
(Font)                  OT1/cmtt/m/n --> EU1/Monaco(0)/bx/n on input line 24.
LaTeX Font Info:    External font `cmex10' loaded for size
(Font)              <12> on input line 25.
LaTeX Font Info:    External font `cmex10' loaded for size
(Font)              <8> on input line 25.
LaTeX Font Info:    External font `cmex10' loaded for size
(Font)              <6> on input line 25.
LaTeX Font Info:    Font shape `EU1/Monaco(0)/m/n' will be
(Font)              scaled to size 8.42752pt on input line 38.


Package natbib Warning: Citation `netgraph' on page 1 undefined on input line 4
0.


Package natbib Warning: Citation `tred' on page 1 undefined on input line 40.


Package natbib Warning: Citation `pmltq' on page 1 undefined on input line 40.


Package natbib Warning: Citation `pmltq' on page 1 undefined on input line 40.

LaTeX Font Info:    Font shape `EU1/Monaco(0)/m/n' will be
(Font)              scaled to size 9.23566pt on input line 43.

Underfull \hbox (badness 10000) in paragraph at lines 44--46

 []

File: vyhledavky/query-forn-1-x.pdf Graphic file (type QTm)
<use  "vyhledavky/query-forn-1-x.pdf" >

LaTeX Warning: Reference `pdt-t-man:300' on page 1 undefined on input line 57.

[1

]
File: vyhledavky/forn-coord1x-biblio.pdf Graphic file (type QTm)
 <use  "vyhledavky/forn-coord1x-biblio.pdf" >
Package fontspec Info: Defining font family for 'Adobe Caslon Pro' with options
 [Mapping=tex-text,,VerticalPosition=Superior] on input line 67.
File: vyhledavky/nazvy-firem.pdf Graphic file (type QTm)

<use  "vyhledavky/nazvy-firem.pdf" > [2]

Package wrapfig Warning: Collision between wrapping environments on input line 
80.

File: vyhledavky/query-echild.pdf Graphic file (type QTm)
<use  "vyhledavky/query-echild.pdf" >
Underfull \hbox (badness 1082) in paragraph at lines 82--82
\EU1/AdobeCaslonPro(0)/m/n/10.95 query for CPHR nodes,
 []


Package wrapfig Warning: Stationary wrapfigure forced to float on input line 84
.

File: vyhledavky/cphr-echild.pdf Graphic file (type QTm)
<use  "vyhledavky/cphr-echild.pdf" >

LaTeX Warning: `h' float specifier changed to `ht'.

File: vyhledavky/cphr-ukladat-sankce-a-penale.pdf Graphic file (type QTm)
<use  "vyhledavky/cphr-ukladat-sankce-a-penale.pdf" >

LaTeX Warning: `h' float specifier changed to `ht'.


Package natbib Warning: There were undefined citations.

[3] [4] [5] (./disertace.aux)

LaTeX Warning: There were undefined references.

 ) 
Here is how much of TeX's memory you used:
 5775 strings out of 494708
 93056 string characters out of 1165176
 167460 words of memory out of 3000000
 8918 multiletter control sequences out of 10000+50000
 7465 words of font info for 60 fonts, out of 3000000 for 5000
 669 hyphenation exceptions out of 8191
 33i,6n,69p,473b,308s stack positions out of 5000i,500n,10000p,200000b,50000s

Output written on disertace.pdf (5 pages).
