This is pdfTeXk, Version 3.141592-1.40.3 (Web2C 7.5.6) (format=pdflatex 2007.5.24)  14 AUG 2008 11:50
entering extended mode
 %&-line parsing enabled.
**&pdflatex prv_ijcnlp08.ini \nonstopmode\nofiles\PassOptionsToPackage{active,t
ightpage,auctex}{preview}\AtBeginDocument{\ifx\ifPreview\undefined\RequirePacka
ge[displaymath,floats,graphics,textmath,sections,footnotes]{preview}[2004/11/05
]\fi} \input ijcnlp08.tex
(./prv_ijcnlp08.ini
LaTeX2e <2005/12/01>
Babel <v3.8h> and hyphenation patterns for english, usenglishmax, dumylang, noh
yphenation, arabic, basque, bulgarian, coptic, welsh, czech, slovak, german, ng
erman, danish, esperanto, spanish, catalan, galician, estonian, farsi, finnish,
 french, greek, monogreek, ancientgreek, croatian, hungarian, interlingua, ibyc
us, indonesian, icelandic, italian, latin, mongolian, dutch, norsk, polish, por
tuguese, pinyin, romanian, russian, slovenian, uppersorbian, serbian, swedish, 
turkish, ukenglish, ukrainian, loaded.
(/usr/local/texlive/2007/texmf-dist/tex/latex/carlisle/mylatex.ltx)
(/usr/local/texlive/2007/texmf-dist/tex/latex/tools/.tex File ignored))
No auxiliary output files.

(./ijcnlp08.tex (/usr/local/texlive/2007/texmf-dist/tex/latex/base/article.cls
Document Class: article 2005/09/16 v1.4f Standard LaTeX document class
(/usr/local/texlive/2007/texmf-dist/tex/latex/base/size11.clo
File: size11.clo 2005/09/16 v1.4f Standard LaTeX file (size option)
)
\c@part=\count79
\c@section=\count80
\c@subsection=\count81
\c@subsubsection=\count82
\c@paragraph=\count83
\c@subparagraph=\count84
\c@figure=\count85
\c@table=\count86
\abovecaptionskip=\skip41
\belowcaptionskip=\skip42
\bibindent=\dimen102
) (./acl07.sty
Conference Style for ACL 2007 -- released November, 2006
\titlebox=\skip43
) (/usr/local/texlive/2007/texmf-dist/tex/latex/base/fontenc.sty
Package: fontenc 2005/09/27 v1.99g Standard LaTeX package

(/usr/local/texlive/2007/texmf-dist/tex/latex/base/t1enc.def
File: t1enc.def 2005/09/27 v1.99g Standard LaTeX file
LaTeX Font Info:    Redeclaring font encoding T1 on input line 43.
))
(/usr/local/texlive/2007/texmf-dist/tex/latex/base/inputenc.sty
Package: inputenc 2006/05/05 v1.1b Input encoding file
\inpenc@prehook=\toks14
\inpenc@posthook=\toks15

(/usr/local/texlive/2007/texmf-dist/tex/latex/base/utf8.def
File: utf8.def 2006/03/30 v1.1i UTF-8 support for inputenc
Now handling font encoding OML ...
... no UTF-8 mapping file for font encoding OML
Now handling font encoding T1 ...
... processing UTF-8 mapping file for font encodingT1

(/usr/local/texlive/2007/texmf-dist/tex/latex/base/t1enc.dfu
File: t1enc.dfu 2006/03/30 v1.1i UTF-8 support for inputenc
   defining Unicode char U+00A1 (decimal 161)
   defining Unicode char U+00A3 (decimal 163)
   defining Unicode char U+00AB (decimal 171)
   defining Unicode char U+00BB (decimal 187)
   defining Unicode char U+00BF (decimal 191)
   defining Unicode char U+00C0 (decimal 192)
   defining Unicode char U+00C1 (decimal 193)
   defining Unicode char U+00C2 (decimal 194)
   defining Unicode char U+00C3 (decimal 195)
   defining Unicode char U+00C4 (decimal 196)
   defining Unicode char U+00C5 (decimal 197)
   defining Unicode char U+00C6 (decimal 198)
   defining Unicode char U+00C7 (decimal 199)
   defining Unicode char U+00C8 (decimal 200)
   defining Unicode char U+00C9 (decimal 201)
   defining Unicode char U+00CA (decimal 202)
   defining Unicode char U+00CB (decimal 203)
   defining Unicode char U+00CC (decimal 204)
   defining Unicode char U+00CD (decimal 205)
   defining Unicode char U+00CE (decimal 206)
   defining Unicode char U+00CF (decimal 207)
   defining Unicode char U+00D0 (decimal 208)
   defining Unicode char U+00D1 (decimal 209)
   defining Unicode char U+00D2 (decimal 210)
   defining Unicode char U+00D3 (decimal 211)
   defining Unicode char U+00D4 (decimal 212)
   defining Unicode char U+00D5 (decimal 213)
   defining Unicode char U+00D6 (decimal 214)
   defining Unicode char U+00D8 (decimal 216)
   defining Unicode char U+00D9 (decimal 217)
   defining Unicode char U+00DA (decimal 218)
   defining Unicode char U+00DB (decimal 219)
   defining Unicode char U+00DC (decimal 220)
   defining Unicode char U+00DD (decimal 221)
   defining Unicode char U+00DE (decimal 222)
   defining Unicode char U+00DF (decimal 223)
   defining Unicode char U+00E0 (decimal 224)
   defining Unicode char U+00E1 (decimal 225)
   defining Unicode char U+00E2 (decimal 226)
   defining Unicode char U+00E3 (decimal 227)
   defining Unicode char U+00E4 (decimal 228)
   defining Unicode char U+00E5 (decimal 229)
   defining Unicode char U+00E6 (decimal 230)
   defining Unicode char U+00E7 (decimal 231)
   defining Unicode char U+00E8 (decimal 232)
   defining Unicode char U+00E9 (decimal 233)
   defining Unicode char U+00EA (decimal 234)
   defining Unicode char U+00EB (decimal 235)
   defining Unicode char U+00EC (decimal 236)
   defining Unicode char U+00ED (decimal 237)
   defining Unicode char U+00EE (decimal 238)
   defining Unicode char U+00EF (decimal 239)
   defining Unicode char U+00F0 (decimal 240)
   defining Unicode char U+00F1 (decimal 241)
   defining Unicode char U+00F2 (decimal 242)
   defining Unicode char U+00F3 (decimal 243)
   defining Unicode char U+00F4 (decimal 244)
   defining Unicode char U+00F5 (decimal 245)
   defining Unicode char U+00F6 (decimal 246)
   defining Unicode char U+00F8 (decimal 248)
   defining Unicode char U+00F9 (decimal 249)
   defining Unicode char U+00FA (decimal 250)
   defining Unicode char U+00FB (decimal 251)
   defining Unicode char U+00FC (decimal 252)
   defining Unicode char U+00FD (decimal 253)
   defining Unicode char U+00FE (decimal 254)
   defining Unicode char U+00FF (decimal 255)
   defining Unicode char U+0102 (decimal 258)
   defining Unicode char U+0103 (decimal 259)
   defining Unicode char U+0104 (decimal 260)
   defining Unicode char U+0105 (decimal 261)
   defining Unicode char U+0106 (decimal 262)
   defining Unicode char U+0107 (decimal 263)
   defining Unicode char U+010C (decimal 268)
   defining Unicode char U+010D (decimal 269)
   defining Unicode char U+010E (decimal 270)
   defining Unicode char U+010F (decimal 271)
   defining Unicode char U+0110 (decimal 272)
   defining Unicode char U+0111 (decimal 273)
   defining Unicode char U+0118 (decimal 280)
   defining Unicode char U+0119 (decimal 281)
   defining Unicode char U+011A (decimal 282)
   defining Unicode char U+011B (decimal 283)
   defining Unicode char U+011E (decimal 286)
   defining Unicode char U+011F (decimal 287)
   defining Unicode char U+0130 (decimal 304)
   defining Unicode char U+0131 (decimal 305)
   defining Unicode char U+0132 (decimal 306)
   defining Unicode char U+0133 (decimal 307)
   defining Unicode char U+0139 (decimal 313)
   defining Unicode char U+013A (decimal 314)
   defining Unicode char U+013D (decimal 317)
   defining Unicode char U+013E (decimal 318)
   defining Unicode char U+0141 (decimal 321)
   defining Unicode char U+0142 (decimal 322)
   defining Unicode char U+0143 (decimal 323)
   defining Unicode char U+0144 (decimal 324)
   defining Unicode char U+0147 (decimal 327)
   defining Unicode char U+0148 (decimal 328)
   defining Unicode char U+014A (decimal 330)
   defining Unicode char U+014B (decimal 331)
   defining Unicode char U+0150 (decimal 336)
   defining Unicode char U+0151 (decimal 337)
   defining Unicode char U+0152 (decimal 338)
   defining Unicode char U+0153 (decimal 339)
   defining Unicode char U+0154 (decimal 340)
   defining Unicode char U+0155 (decimal 341)
   defining Unicode char U+0158 (decimal 344)
   defining Unicode char U+0159 (decimal 345)
   defining Unicode char U+015A (decimal 346)
   defining Unicode char U+015B (decimal 347)
   defining Unicode char U+015E (decimal 350)
   defining Unicode char U+015F (decimal 351)
   defining Unicode char U+0160 (decimal 352)
   defining Unicode char U+0161 (decimal 353)
   defining Unicode char U+0162 (decimal 354)
   defining Unicode char U+0163 (decimal 355)
   defining Unicode char U+0164 (decimal 356)
   defining Unicode char U+0165 (decimal 357)
   defining Unicode char U+016E (decimal 366)
   defining Unicode char U+016F (decimal 367)
   defining Unicode char U+0170 (decimal 368)
   defining Unicode char U+0171 (decimal 369)
   defining Unicode char U+0178 (decimal 376)
   defining Unicode char U+0179 (decimal 377)
   defining Unicode char U+017A (decimal 378)
   defining Unicode char U+017B (decimal 379)
   defining Unicode char U+017C (decimal 380)
   defining Unicode char U+017D (decimal 381)
   defining Unicode char U+017E (decimal 382)
   defining Unicode char U+200C (decimal 8204)
   defining Unicode char U+2013 (decimal 8211)
   defining Unicode char U+2014 (decimal 8212)
   defining Unicode char U+2018 (decimal 8216)
   defining Unicode char U+2019 (decimal 8217)
   defining Unicode char U+201A (decimal 8218)
   defining Unicode char U+201C (decimal 8220)
   defining Unicode char U+201D (decimal 8221)
   defining Unicode char U+201E (decimal 8222)
   defining Unicode char U+2030 (decimal 8240)
   defining Unicode char U+2031 (decimal 8241)
   defining Unicode char U+2039 (decimal 8249)
   defining Unicode char U+203A (decimal 8250)
   defining Unicode char U+2423 (decimal 9251)
)
Now handling font encoding OT1 ...
... processing UTF-8 mapping file for font encodingOT1

(/usr/local/texlive/2007/texmf-dist/tex/latex/base/ot1enc.dfu
File: ot1enc.dfu 2006/03/30 v1.1i UTF-8 support for inputenc
   defining Unicode char U+00A1 (decimal 161)
   defining Unicode char U+00A3 (decimal 163)
   defining Unicode char U+00B8 (decimal 184)
   defining Unicode char U+00BF (decimal 191)
   defining Unicode char U+00C5 (decimal 197)
   defining Unicode char U+00C6 (decimal 198)
   defining Unicode char U+00D8 (decimal 216)
   defining Unicode char U+00DF (decimal 223)
   defining Unicode char U+00E6 (decimal 230)
   defining Unicode char U+00EC (decimal 236)
   defining Unicode char U+00ED (decimal 237)
   defining Unicode char U+00EE (decimal 238)
   defining Unicode char U+00EF (decimal 239)
   defining Unicode char U+00F8 (decimal 248)
   defining Unicode char U+0131 (decimal 305)
   defining Unicode char U+0141 (decimal 321)
   defining Unicode char U+0142 (decimal 322)
   defining Unicode char U+0152 (decimal 338)
   defining Unicode char U+0153 (decimal 339)
   defining Unicode char U+2013 (decimal 8211)
   defining Unicode char U+2014 (decimal 8212)
   defining Unicode char U+2018 (decimal 8216)
   defining Unicode char U+2019 (decimal 8217)
   defining Unicode char U+201C (decimal 8220)
   defining Unicode char U+201D (decimal 8221)
)
Now handling font encoding OMS ...
... processing UTF-8 mapping file for font encodingOMS

(/usr/local/texlive/2007/texmf-dist/tex/latex/base/omsenc.dfu
File: omsenc.dfu 2006/03/30 v1.1i UTF-8 support for inputenc
   defining Unicode char U+00A7 (decimal 167)
   defining Unicode char U+00B6 (decimal 182)
   defining Unicode char U+00B7 (decimal 183)
   defining Unicode char U+2020 (decimal 8224)
   defining Unicode char U+2021 (decimal 8225)
   defining Unicode char U+2022 (decimal 8226)
)
Now handling font encoding OMX ...
... no UTF-8 mapping file for font encoding OMX
Now handling font encoding U ...
... no UTF-8 mapping file for font encoding U
   defining Unicode char U+00A9 (decimal 169)
   defining Unicode char U+00AA (decimal 170)
   defining Unicode char U+00AE (decimal 174)
   defining Unicode char U+00BA (decimal 186)
   defining Unicode char U+02C6 (decimal 710)
   defining Unicode char U+02DC (decimal 732)
   defining Unicode char U+200C (decimal 8204)
   defining Unicode char U+2026 (decimal 8230)
   defining Unicode char U+2122 (decimal 8482)
   defining Unicode char U+2423 (decimal 9251)
))
(/usr/local/texlive/2007/texmf-dist/tex/latex/psnfss/times.sty
Package: times 2005/04/12 PSNFSS-v9.2a (SPQR) 
)
(/usr/local/texlive/2007/texmf-dist/tex/latex/graphics/graphicx.sty
Package: graphicx 1999/02/16 v1.0f Enhanced LaTeX Graphics (DPC,SPQR)

(/usr/local/texlive/2007/texmf-dist/tex/latex/graphics/keyval.sty
Package: keyval 1999/03/16 v1.13 key=value parser (DPC)
\KV@toks@=\toks16
)
(/usr/local/texlive/2007/texmf-dist/tex/latex/graphics/graphics.sty
Package: graphics 2006/02/20 v1.0o Standard LaTeX Graphics (DPC,SPQR)

(/usr/local/texlive/2007/texmf-dist/tex/latex/graphics/trig.sty
Package: trig 1999/03/16 v1.09 sin cos tan (DPC)
)
(/usr/local/texlive/2007/texmf/tex/latex/config/graphics.cfg
File: graphics.cfg 2007/01/18 v1.5 graphics configuration of teTeX/TeXLive
)
Package graphics Info: Driver file: pdftex.def on input line 90.

(/usr/local/texlive/2007/texmf-dist/tex/latex/pdftex-def/pdftex.def
File: pdftex.def 2007/01/08 v0.04d Graphics/color for pdfTeX
\Gread@gobject=\count87
))
\Gin@req@height=\dimen103
\Gin@req@width=\dimen104
)
(/usr/local/texlive/2007/texmf-dist/tex/latex/tools/array.sty
Package: array 2005/08/23 v2.4b Tabular extension package (FMi)
\col@sep=\dimen105
\extrarowheight=\dimen106
\NC@list=\toks17
\extratabsurround=\skip44
\backup@length=\skip45
)
(/usr/local/texlive/2007/texmf-dist/tex/latex/float/float.sty
Package: float 2001/11/08 v1.3d Float enhancements (AL)
\c@float@type=\count88
\float@exts=\toks18
\float@box=\box26
\@float@everytoks=\toks19
\@floatcapt=\box27
)
(/usr/local/texlive/2007/texmf-dist/tex/latex/paralist/paralist.sty
Package: paralist 2002/03/18 v2.3b Extended list environments (BS)
\pltopsep=\skip46
\plpartopsep=\skip47
\plitemsep=\skip48
\plparsep=\skip49
\pl@lab=\toks20
)
(/usr/local/texlive/2007/texmf-dist/tex/latex/amsmath/amsmath.sty
Package: amsmath 2000/07/18 v2.13 AMS math features
\@mathmargin=\skip50

For additional information on amsmath, use the `?' option.
(/usr/local/texlive/2007/texmf-dist/tex/latex/amsmath/amstext.sty
Package: amstext 2000/06/29 v2.01

(/usr/local/texlive/2007/texmf-dist/tex/latex/amsmath/amsgen.sty
File: amsgen.sty 1999/11/30 v2.0
\@emptytoks=\toks21
\ex@=\dimen107
))
(/usr/local/texlive/2007/texmf-dist/tex/latex/amsmath/amsbsy.sty
Package: amsbsy 1999/11/29 v1.2d
\pmbraise@=\dimen108
)
(/usr/local/texlive/2007/texmf-dist/tex/latex/amsmath/amsopn.sty
Package: amsopn 1999/12/14 v2.01 operator names
)
\inf@bad=\count89
LaTeX Info: Redefining \frac on input line 211.
\uproot@=\count90
\leftroot@=\count91
LaTeX Info: Redefining \overline on input line 307.
\classnum@=\count92
\DOTSCASE@=\count93
LaTeX Info: Redefining \ldots on input line 379.
LaTeX Info: Redefining \dots on input line 382.
LaTeX Info: Redefining \cdots on input line 467.
\Mathstrutbox@=\box28
\strutbox@=\box29
\big@size=\dimen109
LaTeX Font Info:    Redeclaring font encoding OML on input line 567.
LaTeX Font Info:    Redeclaring font encoding OMS on input line 568.
\macc@depth=\count94
\c@MaxMatrixCols=\count95
\dotsspace@=\muskip10
\c@parentequation=\count96
\dspbrk@lvl=\count97
\tag@help=\toks22
\row@=\count98
\column@=\count99
\maxfields@=\count100
\andhelp@=\toks23
\eqnshift@=\dimen110
\alignsep@=\dimen111
\tagshift@=\dimen112
\tagwidth@=\dimen113
\totwidth@=\dimen114
\lineht@=\dimen115
\@envbody=\toks24
\multlinegap=\skip51
\multlinetaggap=\skip52
\mathdisplay@stack=\toks25
LaTeX Info: Redefining \[ on input line 2666.
LaTeX Info: Redefining \] on input line 2667.
)
LaTeX Font Info:    Try loading font information for T1+ptm on input line 48.

(/usr/local/texlive/2007/texmf-dist/tex/latex/psnfss/t1ptm.fd
File: t1ptm.fd 2001/06/04 font definitions for T1/ptm.
)
LaTeX Font Info:    Font shape `T1/ptm/bx/n' in size <10.95> not available
(Font)              Font shape `T1/ptm/b/n' tried instead on input line 48.
LaTeX Font Info:    Font shape `T1/ptm/bx/it' in size <10.95> not available
(Font)              Font shape `T1/ptm/b/it' tried instead on input line 48.
LaTeX Font Info:    Try loading font information for T1+pcr on input line 48.

(/usr/local/texlive/2007/texmf-dist/tex/latex/psnfss/t1pcr.fd
File: t1pcr.fd 2001/06/04 font definitions for T1/pcr.
)
LaTeX Font Info:    Try loading font information for T1+phv on input line 48.

(/usr/local/texlive/2007/texmf-dist/tex/latex/psnfss/t1phv.fd
File: t1phv.fd 2001/06/04 scalable font definitions for T1/phv.
) )
Beginning to dump on file prv_ijcnlp08.fmt
 (format=prv_ijcnlp08 2008.8.14)
7900 strings of total length 109872
71767 memory locations dumped; current usage is 265&70874
5242 multiletter control sequences
\font\nullfont=nullfont
\font\OMX/cmex/m/n/10=cmex10
\font\tenln=line10
\font\tenlnw=linew10
\font\tencirc=lcircle10
\font\tencircw=lcirclew10
\font\OT1/cmr/m/n/5=cmr5
\font\OT1/cmr/m/n/7=cmr7
\font\OT1/cmr/m/n/10=cmr10
\font\OML/cmm/m/it/5=cmmi5
\font\OML/cmm/m/it/7=cmmi7
\font\OML/cmm/m/it/10=cmmi10
\font\OMS/cmsy/m/n/5=cmsy5
\font\OMS/cmsy/m/n/7=cmsy7
\font\OMS/cmsy/m/n/10=cmsy10
\font\OT1/cmr/m/n/10.95=cmr10 at 10.95pt
\font\T1/cmr/m/n/10.95=ecrm1095
\font\OT1/cmr/m/n/8=cmr8
\font\OT1/cmr/m/n/6=cmr6
\font\OML/cmm/m/it/10.95=cmmi10 at 10.95pt
\font\OML/cmm/m/it/8=cmmi8
\font\OML/cmm/m/it/6=cmmi6
\font\OMS/cmsy/m/n/10.95=cmsy10 at 10.95pt
\font\OMS/cmsy/m/n/8=cmsy8
\font\OMS/cmsy/m/n/6=cmsy6
\font\OMX/cmex/m/n/10.95=cmex10 at 10.95pt
\font\OMX/cmex/m/n/8=cmex8
\font\OMX/cmex/m/n/6=cmex7 at 6.0pt
\font\T1/ptm/m/n/10.95=ptmr8t at 10.95pt
\font\T1/ptm/m/n/12=ptmr8t at 12.0pt
\font\T1/ptm/m/n/9=ptmr8t at 9.0pt
\font\T1/ptm/b/n/10.95=ptmb8t at 10.95pt
\font\T1/ptm/b/it/10.95=ptmbi8t at 10.95pt
\font\T1/ptm/m/it/10.95=ptmri8t at 10.95pt
\font\T1/pcr/m/n/10.95=pcrr8t at 10.95pt
\font\T1/phv/m/n/10.95=phvr8t at 10.95pt
19885 words of font info for 35 preloaded fonts
645 hyphenation exceptions
Hyphenation trie of length 172735 has 4897 ops out of 35111
  138 for language 47
  224 for language 46
  13 for language 45
  127 for language 44
  62 for language 43
  110 for language 42
  71 for language 41
  119 for language 40
  68 for language 39
  2 for language 38
  7 for language 37
  194 for language 36
  756 for language 35
  265 for language 34
  21 for language 33
  26 for language 32
  35 for language 31
  147 for language 30
  21 for language 29
  98 for language 28
  38 for language 27
  117 for language 26
  19 for language 25
  98 for language 24
  18 for language 23
  50 for language 22
  88 for language 21
  31 for language 20
  45 for language 18
  18 for language 17
  21 for language 16
  158 for language 15
  145 for language 14
  60 for language 13
  235 for language 12
  207 for language 11
  248 for language 10
  63 for language 9
  143 for language 8
  14 for language 7
  12 for language 6
  5 for language 5
  2 for language 2
  377 for language 1
  181 for language 0
No pages of output.
PDF statistics:
 0 PDF objects out of 1000 (max. 8388607)
 0 named destinations out of 1000 (max. 131072)
 1 words of extra memory for PDF output out of 10000 (max. 10000000)

