This is pdfTeXk, Version 3.1415926-1.40.9 (Web2C 7.5.7) (format=pdflatex 2008.9.1)  17 JAN 2009 12:08
entering extended mode
\write18 enabled.
 %&-line parsing enabled.
**jlre.tex
(./jlre.tex
LaTeX2e <2005/12/01>
Babel <v3.8l> and hyphenation patterns for english, usenglishmax, dumylang, noh
yphenation, german-x-2008-06-18, ngerman-x-2008-06-18, ancientgreek, ibycus, ar
abic, basque, bulgarian, catalan, pinyin, coptic, croatian, czech, danish, dutc
h, esperanto, estonian, farsi, finnish, french, galician, german, ngerman, mono
greek, greek, hungarian, icelandic, indonesian, interlingua, irish, italian, la
tin, mongolian, mongolian2a, bokmal, nynorsk, polish, portuguese, romanian, rus
sian, sanskrit, serbian, slovak, slovenian, spanish, swedish, turkish, ukenglis
h, ukrainian, uppersorbian, welsh, loaded.
(./kluwer.cls
Document Class: kluwer 2000/04/29 1.3 Kluwer base document class
(/usr/local/texlive/2008/texmf-dist/tex/latex/amsfonts/amssymb.sty
Package: amssymb 2002/01/22 v2.2d

(/usr/local/texlive/2008/texmf-dist/tex/latex/amsfonts/amsfonts.sty
Package: amsfonts 2001/10/25 v2.2f
\@emptytoks=\toks14
\symAMSa=\mathgroup4
\symAMSb=\mathgroup5
LaTeX Font Info:    Overwriting math alphabet `\mathfrak' in version `bold'
(Font)                  U/euf/m/n --> U/euf/b/n on input line 132.
))
(/usr/local/texlive/2008/texmf-dist/tex/latex/wasysym/wasysym.sty
Package: wasysym 2003/10/30 v2.0 Wasy-2 symbol support package
\symwasy=\mathgroup6
LaTeX Font Info:    Overwriting symbol font `wasy' in version `bold'
(Font)                  U/wasy/m/n --> U/wasy/b/n on input line 90.
)
\@cla=\count79
\@clb=\count80
\bdj=\box26
\tracingkluwer=\count81
\id@boxheight=\dimen102
\topsepm@th=\skip41
\aobox=\box27
\@temptokenb=\toks15
\cnt@authors=\count82
\cnt@institutes=\count83
\@abstractbox=\box28
\mottobox=\box29
\logotoks=\toks16
\c@outputpage=\count84
\c@article=\count85
\stretchtabsep=\skip42
\maxfloatwidth=\dimen103
\figtabbox=\box30
\floatindent=\dimen104
\@tabskip=\dimen105
\captionskip=\dimen106
\@tabwidth=\dimen107
\captionindent=\dimen108
\@floatcaption=\toks17
\c@table=\count86
\c@tabnote=\count87
\c@figure=\count88
\c@algorithm=\count89
\rotdimen=\dimen109
\c@endnote=\count90
\endnotesep=\dimen110
\@endnotes=\write3
\bibhang=\skip43

KAP -- Named references
\eqnoindent=\dimen111
\theoremsep=\dimen112
\dispsep=\dimen113
\items@ve=\skip44
\labels@ve=\skip45
\c@part=\count91
\c@section=\count92
\c@subsection=\count93
\c@subsubsection=\count94
\c@paragraph=\count95
\c@subparagraph=\count96
)
\c@guess=\count97
 (/usr/local/texlive/2008/texmf-dist/tex/latex/graphics/graphicx.sty
Package: graphicx 1999/02/16 v1.0f Enhanced LaTeX Graphics (DPC,SPQR)

(/usr/local/texlive/2008/texmf-dist/tex/latex/graphics/keyval.sty
Package: keyval 1999/03/16 v1.13 key=value parser (DPC)
\KV@toks@=\toks18
)
(/usr/local/texlive/2008/texmf-dist/tex/latex/graphics/graphics.sty
Package: graphics 2006/02/20 v1.0o Standard LaTeX Graphics (DPC,SPQR)

(/usr/local/texlive/2008/texmf-dist/tex/latex/graphics/trig.sty
Package: trig 1999/03/16 v1.09 sin cos tan (DPC)
)
(/usr/local/texlive/2008/texmf/tex/latex/config/graphics.cfg
File: graphics.cfg 2007/01/18 v1.5 graphics configuration of teTeX/TeXLive
)
Package graphics Info: Driver file: pdftex.def on input line 90.

(/usr/local/texlive/2008/texmf-dist/tex/latex/pdftex-def/pdftex.def
File: pdftex.def 2008/07/16 v0.04k Graphics/color for pdfTeX
\Gread@gobject=\count98
))
\Gin@req@height=\dimen114
\Gin@req@width=\dimen115
)
(/usr/local/texlive/2008/texmf-dist/tex/latex/base/fontenc.sty
Package: fontenc 2005/09/27 v1.99g Standard LaTeX package

(/usr/local/texlive/2008/texmf-dist/tex/latex/base/t1enc.def
File: t1enc.def 2005/09/27 v1.99g Standard LaTeX file
LaTeX Font Info:    Redeclaring font encoding T1 on input line 43.
))
(/usr/local/texlive/2008/texmf-dist/tex/latex/base/inputenc.sty
Package: inputenc 2006/05/05 v1.1b Input encoding file
\inpenc@prehook=\toks19
\inpenc@posthook=\toks20

(/usr/local/texlive/2008/texmf-dist/tex/latex/base/utf8.def
File: utf8.def 2006/03/30 v1.1i UTF-8 support for inputenc
Now handling font encoding OML ...
... no UTF-8 mapping file for font encoding OML
Now handling font encoding T1 ...
... processing UTF-8 mapping file for font encodingT1

(/usr/local/texlive/2008/texmf-dist/tex/latex/base/t1enc.dfu
File: t1enc.dfu 2006/03/30 v1.1i UTF-8 support for inputenc
   defining Unicode char U+00A1 (decimal 161)
   defining Unicode char U+00A3 (decimal 163)
   defining Unicode char U+00AB (decimal 171)
   defining Unicode char U+00BB (decimal 187)
   defining Unicode char U+00BF (decimal 191)
   defining Unicode char U+00C0 (decimal 192)
   defining Unicode char U+00C1 (decimal 193)
   defining Unicode char U+00C2 (decimal 194)
   defining Unicode char U+00C3 (decimal 195)
   defining Unicode char U+00C4 (decimal 196)
   defining Unicode char U+00C5 (decimal 197)
   defining Unicode char U+00C6 (decimal 198)
   defining Unicode char U+00C7 (decimal 199)
   defining Unicode char U+00C8 (decimal 200)
   defining Unicode char U+00C9 (decimal 201)
   defining Unicode char U+00CA (decimal 202)
   defining Unicode char U+00CB (decimal 203)
   defining Unicode char U+00CC (decimal 204)
   defining Unicode char U+00CD (decimal 205)
   defining Unicode char U+00CE (decimal 206)
   defining Unicode char U+00CF (decimal 207)
   defining Unicode char U+00D0 (decimal 208)
   defining Unicode char U+00D1 (decimal 209)
   defining Unicode char U+00D2 (decimal 210)
   defining Unicode char U+00D3 (decimal 211)
   defining Unicode char U+00D4 (decimal 212)
   defining Unicode char U+00D5 (decimal 213)
   defining Unicode char U+00D6 (decimal 214)
   defining Unicode char U+00D8 (decimal 216)
   defining Unicode char U+00D9 (decimal 217)
   defining Unicode char U+00DA (decimal 218)
   defining Unicode char U+00DB (decimal 219)
   defining Unicode char U+00DC (decimal 220)
   defining Unicode char U+00DD (decimal 221)
   defining Unicode char U+00DE (decimal 222)
   defining Unicode char U+00DF (decimal 223)
   defining Unicode char U+00E0 (decimal 224)
   defining Unicode char U+00E1 (decimal 225)
   defining Unicode char U+00E2 (decimal 226)
   defining Unicode char U+00E3 (decimal 227)
   defining Unicode char U+00E4 (decimal 228)
   defining Unicode char U+00E5 (decimal 229)
   defining Unicode char U+00E6 (decimal 230)
   defining Unicode char U+00E7 (decimal 231)
   defining Unicode char U+00E8 (decimal 232)
   defining Unicode char U+00E9 (decimal 233)
   defining Unicode char U+00EA (decimal 234)
   defining Unicode char U+00EB (decimal 235)
   defining Unicode char U+00EC (decimal 236)
   defining Unicode char U+00ED (decimal 237)
   defining Unicode char U+00EE (decimal 238)
   defining Unicode char U+00EF (decimal 239)
   defining Unicode char U+00F0 (decimal 240)
   defining Unicode char U+00F1 (decimal 241)
   defining Unicode char U+00F2 (decimal 242)
   defining Unicode char U+00F3 (decimal 243)
   defining Unicode char U+00F4 (decimal 244)
   defining Unicode char U+00F5 (decimal 245)
   defining Unicode char U+00F6 (decimal 246)
   defining Unicode char U+00F8 (decimal 248)
   defining Unicode char U+00F9 (decimal 249)
   defining Unicode char U+00FA (decimal 250)
   defining Unicode char U+00FB (decimal 251)
   defining Unicode char U+00FC (decimal 252)
   defining Unicode char U+00FD (decimal 253)
   defining Unicode char U+00FE (decimal 254)
   defining Unicode char U+00FF (decimal 255)
   defining Unicode char U+0102 (decimal 258)
   defining Unicode char U+0103 (decimal 259)
   defining Unicode char U+0104 (decimal 260)
   defining Unicode char U+0105 (decimal 261)
   defining Unicode char U+0106 (decimal 262)
   defining Unicode char U+0107 (decimal 263)
   defining Unicode char U+010C (decimal 268)
   defining Unicode char U+010D (decimal 269)
   defining Unicode char U+010E (decimal 270)
   defining Unicode char U+010F (decimal 271)
   defining Unicode char U+0110 (decimal 272)
   defining Unicode char U+0111 (decimal 273)
   defining Unicode char U+0118 (decimal 280)
   defining Unicode char U+0119 (decimal 281)
   defining Unicode char U+011A (decimal 282)
   defining Unicode char U+011B (decimal 283)
   defining Unicode char U+011E (decimal 286)
   defining Unicode char U+011F (decimal 287)
   defining Unicode char U+0130 (decimal 304)
   defining Unicode char U+0131 (decimal 305)
   defining Unicode char U+0132 (decimal 306)
   defining Unicode char U+0133 (decimal 307)
   defining Unicode char U+0139 (decimal 313)
   defining Unicode char U+013A (decimal 314)
   defining Unicode char U+013D (decimal 317)
   defining Unicode char U+013E (decimal 318)
   defining Unicode char U+0141 (decimal 321)
   defining Unicode char U+0142 (decimal 322)
   defining Unicode char U+0143 (decimal 323)
   defining Unicode char U+0144 (decimal 324)
   defining Unicode char U+0147 (decimal 327)
   defining Unicode char U+0148 (decimal 328)
   defining Unicode char U+014A (decimal 330)
   defining Unicode char U+014B (decimal 331)
   defining Unicode char U+0150 (decimal 336)
   defining Unicode char U+0151 (decimal 337)
   defining Unicode char U+0152 (decimal 338)
   defining Unicode char U+0153 (decimal 339)
   defining Unicode char U+0154 (decimal 340)
   defining Unicode char U+0155 (decimal 341)
   defining Unicode char U+0158 (decimal 344)
   defining Unicode char U+0159 (decimal 345)
   defining Unicode char U+015A (decimal 346)
   defining Unicode char U+015B (decimal 347)
   defining Unicode char U+015E (decimal 350)
   defining Unicode char U+015F (decimal 351)
   defining Unicode char U+0160 (decimal 352)
   defining Unicode char U+0161 (decimal 353)
   defining Unicode char U+0162 (decimal 354)
   defining Unicode char U+0163 (decimal 355)
   defining Unicode char U+0164 (decimal 356)
   defining Unicode char U+0165 (decimal 357)
   defining Unicode char U+016E (decimal 366)
   defining Unicode char U+016F (decimal 367)
   defining Unicode char U+0170 (decimal 368)
   defining Unicode char U+0171 (decimal 369)
   defining Unicode char U+0178 (decimal 376)
   defining Unicode char U+0179 (decimal 377)
   defining Unicode char U+017A (decimal 378)
   defining Unicode char U+017B (decimal 379)
   defining Unicode char U+017C (decimal 380)
   defining Unicode char U+017D (decimal 381)
   defining Unicode char U+017E (decimal 382)
   defining Unicode char U+200C (decimal 8204)
   defining Unicode char U+2013 (decimal 8211)
   defining Unicode char U+2014 (decimal 8212)
   defining Unicode char U+2018 (decimal 8216)
   defining Unicode char U+2019 (decimal 8217)
   defining Unicode char U+201A (decimal 8218)
   defining Unicode char U+201C (decimal 8220)
   defining Unicode char U+201D (decimal 8221)
   defining Unicode char U+201E (decimal 8222)
   defining Unicode char U+2030 (decimal 8240)
   defining Unicode char U+2031 (decimal 8241)
   defining Unicode char U+2039 (decimal 8249)
   defining Unicode char U+203A (decimal 8250)
   defining Unicode char U+2423 (decimal 9251)
)
Now handling font encoding OT1 ...
... processing UTF-8 mapping file for font encodingOT1

(/usr/local/texlive/2008/texmf-dist/tex/latex/base/ot1enc.dfu
File: ot1enc.dfu 2006/03/30 v1.1i UTF-8 support for inputenc
   defining Unicode char U+00A1 (decimal 161)
   defining Unicode char U+00A3 (decimal 163)
   defining Unicode char U+00B8 (decimal 184)
   defining Unicode char U+00BF (decimal 191)
   defining Unicode char U+00C5 (decimal 197)
   defining Unicode char U+00C6 (decimal 198)
   defining Unicode char U+00D8 (decimal 216)
   defining Unicode char U+00DF (decimal 223)
   defining Unicode char U+00E6 (decimal 230)
   defining Unicode char U+00EC (decimal 236)
   defining Unicode char U+00ED (decimal 237)
   defining Unicode char U+00EE (decimal 238)
   defining Unicode char U+00EF (decimal 239)
   defining Unicode char U+00F8 (decimal 248)
   defining Unicode char U+0131 (decimal 305)
   defining Unicode char U+0141 (decimal 321)
   defining Unicode char U+0142 (decimal 322)
   defining Unicode char U+0152 (decimal 338)
   defining Unicode char U+0153 (decimal 339)
   defining Unicode char U+2013 (decimal 8211)
   defining Unicode char U+2014 (decimal 8212)
   defining Unicode char U+2018 (decimal 8216)
   defining Unicode char U+2019 (decimal 8217)
   defining Unicode char U+201C (decimal 8220)
   defining Unicode char U+201D (decimal 8221)
)
Now handling font encoding OMS ...
... processing UTF-8 mapping file for font encodingOMS

(/usr/local/texlive/2008/texmf-dist/tex/latex/base/omsenc.dfu
File: omsenc.dfu 2006/03/30 v1.1i UTF-8 support for inputenc
   defining Unicode char U+00A7 (decimal 167)
   defining Unicode char U+00B6 (decimal 182)
   defining Unicode char U+00B7 (decimal 183)
   defining Unicode char U+2020 (decimal 8224)
   defining Unicode char U+2021 (decimal 8225)
   defining Unicode char U+2022 (decimal 8226)
)
Now handling font encoding OMX ...
... no UTF-8 mapping file for font encoding OMX
Now handling font encoding U ...
... no UTF-8 mapping file for font encoding U
   defining Unicode char U+00A9 (decimal 169)
   defining Unicode char U+00AA (decimal 170)
   defining Unicode char U+00AE (decimal 174)
   defining Unicode char U+00BA (decimal 186)
   defining Unicode char U+02C6 (decimal 710)
   defining Unicode char U+02DC (decimal 732)
   defining Unicode char U+200C (decimal 8204)
   defining Unicode char U+2026 (decimal 8230)
   defining Unicode char U+2122 (decimal 8482)
   defining Unicode char U+2423 (decimal 9251)
))
(/usr/local/texlive/2008/texmf-dist/tex/latex/tools/array.sty
Package: array 2005/08/23 v2.4b Tabular extension package (FMi)
\col@sep=\dimen116
\extrarowheight=\dimen117
\NC@list=\toks21
\extratabsurround=\skip46
\backup@length=\skip47
)
(/usr/local/texlive/2008/texmf-dist/tex/latex/float/float.sty
Package: float 2001/11/08 v1.3d Float enhancements (AL)
\c@float@type=\count99
\float@exts=\toks22
\float@box=\box31
\@float@everytoks=\toks23
\@floatcapt=\box32
)
(/usr/local/texlive/2008/texmf-dist/tex/latex/paralist/paralist.sty
Package: paralist 2002/03/18 v2.3b Extended list environments (BS)
\pltopsep=\skip48
\plpartopsep=\skip49
\plitemsep=\skip50
\plparsep=\skip51
\pl@lab=\toks24
)
(/usr/local/texlive/2008/texmf-dist/tex/latex/hyperref/hyperref.sty
Package: hyperref 2008/08/14 v6.78f Hypertext links for LaTeX

(/usr/local/texlive/2008/texmf-dist/tex/generic/oberdiek/ifpdf.sty
Package: ifpdf 2007/12/12 v1.6 Provides the ifpdf switch (HO)
Package ifpdf Info: pdfTeX in pdf mode detected.
)
(/usr/local/texlive/2008/texmf-dist/tex/generic/oberdiek/ifvtex.sty
Package: ifvtex 2007/09/09 v1.3 Switches for detecting VTeX and its modes (HO)
Package ifvtex Info: VTeX not detected.
)
(/usr/local/texlive/2008/texmf-dist/tex/generic/ifxetex/ifxetex.sty
Package: ifxetex 2006/08/21 v0.3 Provides ifxetex conditional
)
(/usr/local/texlive/2008/texmf-dist/tex/latex/oberdiek/hycolor.sty
Package: hycolor 2008/08/01 v1.3 Code for color options of hyperref/bookmark (H
O)

(/usr/local/texlive/2008/texmf-dist/tex/latex/oberdiek/xcolor-patch.sty
Package: xcolor-patch 2008/08/01 xcolor patch
))
\@linkdim=\dimen118
\Hy@linkcounter=\count100
\Hy@pagecounter=\count101

(/usr/local/texlive/2008/texmf-dist/tex/latex/hyperref/pd1enc.def
File: pd1enc.def 2008/08/14 v6.78f Hyperref: PDFDocEncoding definition (HO)
Now handling font encoding PD1 ...
... no UTF-8 mapping file for font encoding PD1
)
(/usr/local/texlive/2008/texmf-dist/tex/generic/oberdiek/etexcmds.sty
Package: etexcmds 2007/12/12 v1.2 Prefix for e-TeX command names (HO)

(/usr/local/texlive/2008/texmf-dist/tex/generic/oberdiek/infwarerr.sty
Package: infwarerr 2007/09/09 v1.2 Providing info/warning/message (HO)
)
Package etexcmds Info: Could not find \expanded.
(etexcmds)             That can mean that you are not using pdfTeX 1.50 or
(etexcmds)             that some package has redefined \expanded.
(etexcmds)             In the latter case, load this package earlier.
)
(/usr/local/texlive/2008/texmf/tex/latex/config/hyperref.cfg
File: hyperref.cfg 2002/06/06 v1.2 hyperref configuration of TeXLive
)
(/usr/local/texlive/2008/texmf-dist/tex/latex/oberdiek/kvoptions.sty
Package: kvoptions 2007/10/18 v3.0 Keyval support for LaTeX options (HO)
)
Package hyperref Info: Option `bookmarks' set `true' on input line 2765.
Package hyperref Info: Option `bookmarksopen' set `true' on input line 2765.
Package hyperref Info: Option `pdfdisplaydoctitle' set `true' on input line 276
5.
Package hyperref Info: Option `colorlinks' set `true' on input line 2765.
Package hyperref Info: Option `unicode' set `true' on input line 2765.

(/usr/local/texlive/2008/texmf-dist/tex/latex/hyperref/puenc.def
File: puenc.def 2008/08/14 v6.78f Hyperref: PDF Unicode definition (HO)
Now handling font encoding PU ...
... no UTF-8 mapping file for font encoding PU
)
Package hyperref Info: Hyper figures OFF on input line 2876.
Package hyperref Info: Link nesting OFF on input line 2881.
Package hyperref Info: Hyper index ON on input line 2884.
Package hyperref Info: Plain pages OFF on input line 2891.
Package hyperref Info: Backreferencing OFF on input line 2896.

Implicit mode ON; LaTeX internals redefined
Package hyperref Info: Bookmarks ON on input line 3086.
(/usr/local/texlive/2008/texmf-dist/tex/latex/ltxmisc/url.sty
\Urlmuskip=\muskip10
Package: url 2006/04/12  ver 3.3  Verb mode for urls, etc.
)
LaTeX Info: Redefining \url on input line 3272.

(/usr/local/texlive/2008/texmf-dist/tex/generic/oberdiek/bitset.sty
Package: bitset 2007/09/28 v1.0 Data type bit set (HO)

(/usr/local/texlive/2008/texmf-dist/tex/generic/oberdiek/intcalc.sty
Package: intcalc 2007/09/27 v1.1 Expandable integer calculations (HO)
)
(/usr/local/texlive/2008/texmf-dist/tex/generic/oberdiek/bigintcalc.sty
Package: bigintcalc 2007/11/11 v1.1 Expandable big integer calculations (HO)

(/usr/local/texlive/2008/texmf-dist/tex/generic/oberdiek/pdftexcmds.sty
Package: pdftexcmds 2007/12/12 v0.3 LuaTeX support for pdfTeX utility functions
 (HO)
Package pdftexcmds Info: LuaTeX not detected on input line 139.
)))
(/usr/local/texlive/2008/texmf-dist/tex/generic/oberdiek/kvsetkeys.sty
Package: kvsetkeys 2007/09/29 v1.3 Key value parser with default handler suppor
t (HO)
)
\Fld@menulength=\count102
\Field@Width=\dimen119
\Fld@charsize=\dimen120
\Field@toks=\toks25
Package hyperref Info: Hyper figures OFF on input line 4189.
Package hyperref Info: Link nesting OFF on input line 4194.
Package hyperref Info: Hyper index ON on input line 4197.
Package hyperref Info: backreferencing OFF on input line 4204.
Package hyperref Info: Link coloring ON on input line 4207.
Package hyperref Info: Link coloring with OCG OFF on input line 4214.
Package hyperref Info: PDF/A mode OFF on input line 4219.

(/usr/local/texlive/2008/texmf-dist/tex/generic/oberdiek/atbegshi.sty
Package: atbegshi 2008/07/31 v1.9 At begin shipout hook (HO)
)
\Hy@abspage=\count103
\c@Item=\count104
\c@Hfootnote=\count105
)
*hyperref using default driver hpdftex*
(/usr/local/texlive/2008/texmf-dist/tex/latex/hyperref/hpdftex.def
File: hpdftex.def 2008/08/14 v6.78f Hyperref driver for pdfTeX
\Fld@listcount=\count106
)
(/usr/local/texlive/2008/texmf-dist/tex/latex/graphics/color.sty
Package: color 2005/11/14 v1.0j Standard LaTeX Color (DPC)

(/usr/local/texlive/2008/texmf/tex/latex/config/color.cfg
File: color.cfg 2007/01/18 v1.5 color configuration of teTeX/TeXLive
)
Package color Info: Driver file: pdftex.def on input line 130.
) (./jlre.aux)
\openout1 = `jlre.aux'.

LaTeX Font Info:    Checking defaults for OML/cmm/m/it on input line 29.
LaTeX Font Info:    ... okay on input line 29.
LaTeX Font Info:    Checking defaults for T1/cmr/m/n on input line 29.
LaTeX Font Info:    ... okay on input line 29.
LaTeX Font Info:    Checking defaults for OT1/cmr/m/n on input line 29.
LaTeX Font Info:    ... okay on input line 29.
LaTeX Font Info:    Checking defaults for OMS/cmsy/m/n on input line 29.
LaTeX Font Info:    ... okay on input line 29.
LaTeX Font Info:    Checking defaults for OMX/cmex/m/n on input line 29.
LaTeX Font Info:    ... okay on input line 29.
LaTeX Font Info:    Checking defaults for U/cmr/m/n on input line 29.
LaTeX Font Info:    ... okay on input line 29.
LaTeX Font Info:    Checking defaults for PD1/pdf/m/n on input line 29.
LaTeX Font Info:    ... okay on input line 29.
LaTeX Font Info:    Checking defaults for PU/pdf/m/n on input line 29.
LaTeX Font Info:    ... okay on input line 29.

(/usr/local/texlive/2008/texmf-dist/tex/context/base/supp-pdf.tex
[Loading MPS to PDF converter (version 2006.09.02).]
\scratchcounter=\count107
\scratchdimen=\dimen121
\scratchbox=\box33
\nofMPsegments=\count108
\nofMParguments=\count109
\everyMPshowfont=\toks26
\MPscratchCnt=\count110
\MPscratchDim=\dimen122
\MPnumerator=\count111
\everyMPtoPDFconversion=\toks27
)
Package hyperref Info: Link coloring ON on input line 29.
 (/usr/local/texlive/2008/texmf-dist/tex/latex/hyperref/nameref.sty
Package: nameref 2007/05/29 v2.31 Cross-referencing by name of section

(/usr/local/texlive/2008/texmf-dist/tex/latex/oberdiek/refcount.sty
Package: refcount 2008/08/11 v3.1 Data extraction from references (HO)
)
\c@section@level=\count112
)
LaTeX Info: Redefining \ref on input line 29.
LaTeX Info: Redefining \pageref on input line 29.

(./jlre.out) (./jlre.out)
\@outlinefile=\write4
\openout4 = `jlre.out'.

\AtBeginShipoutBox=\box34

Underfull \hbox (badness 10000) in paragraph at lines 42--49

 []

LaTeX Font Info:    Try loading font information for T1+cmtt on input line 66.
(/usr/local/texlive/2008/texmf-dist/tex/latex/base/t1cmtt.fd
File: t1cmtt.fd 1999/05/25 v2.5h Standard LaTeX font definitions
) Abstract
Keywords
LaTeX Font Info:    Try loading font information for OMS+cmr on input line 84.
 (/usr/local/texlive/2008/texmf-dist/tex/latex/base/omscmr.fd
File: omscmr.fd 1999/05/25 v2.5h Standard LaTeX font definitions
)
LaTeX Font Info:    Font shape `OMS/cmr/m/n' in size <9> not available
(Font)              Font shape `OMS/cmsy/m/n' tried instead on input line 84.
LaTeX Font Info:    External font `cmex10' loaded for size
(Font)              <10.95> on input line 84.
LaTeX Font Info:    External font `cmex10' loaded for size
(Font)              <8> on input line 84.
LaTeX Font Info:    External font `cmex10' loaded for size
(Font)              <6> on input line 84.
LaTeX Font Info:    Try loading font information for U+wasy on input line 84.

(/usr/local/texlive/2008/texmf-dist/tex/latex/wasysym/uwasy.fd
File: uwasy.fd 2003/10/30 v2.0 Wasy-2 symbol font definitions
) [1{/usr/local/texlive/2008/texmf-var/fonts/map/pdftex/updmap/pdftex.map}
Non-PDF special ignored!]
LaTeX Font Info:    External font `cmex10' loaded for size
(Font)              <9> on input line 94.
LaTeX Font Info:    External font `cmex10' loaded for size
(Font)              <5> on input line 94.

Overfull \hbox (5.82646pt too wide) in paragraph at lines 89--95
\T1/cmr/m/n/10.95 We work with the Prague De-pen-dency Tree-bank (PDT, see Ha-j
i£ ([][]2005[][])),
 []

<roviny.pdf, id=87, 796.9775pt x 597.23125pt>
File: roviny.pdf Graphic file (type pdf)
 <use roviny.pdf> Figure 1
<stromecky.pdf, id=91, 561.09625pt x 479.7925pt>
File: stromecky.pdf Graphic file (type pdf)
 <use stromecky.pdf> Figure 2
[2] [3 <./roviny.pdf> <./stromecky.pdf>] [4]
<co-nevidet-clause.pdf, id=162, 150.75862pt x 123.69936pt>
File: co-nevidet-clause.pdf Graphic file (type pdf)

<use co-nevidet-clause.pdf> Figure 3

pdfTeX warning: /usr/texbin/pdflatex (file ./klaus-a-smlouva.pdf): PDF inclusio
n: found PDF version <1.5>, but at most version <1.4> allowed
<klaus-a-smlouva.pdf, id=163, 421.575pt x 252.945pt>
File: klaus-a-smlouva.pdf Graphic file (type pdf)
 <use klaus-a-smlouva.pdf>
Figure 4 <as-pod.pdf, id=164, 474.64372pt x 303.74619pt>
File: as-pod.pdf Graphic file (type pdf)
 <use as-pod.pdf>
Figure 5 [5 <./co-nevidet-clause.pdf> <./klaus-a-smlouva.pdf>]
<layers-with-s-layer.pdf, id=218, 400.49625pt x 215.80624pt>
File: layers-with-s-layer.pdf Graphic file (type pdf)

<use layers-with-s-layer.pdf> Figure 6 [6 <./as-pod.pdf>] [7 <./layers-with-s-l
ayer.pdf>] [8]
Overfull \hbox (0.71881pt too wide) in paragraph at lines 291--296
\T1/cmr/m/n/10.95 should be rep-re-sented by at-tributes of t-nodes that could 
be roughly
 []

[9] Table I [10] [11] [12] table II (fixed)
pageleft= 164.79265pt, size= 154.31812pt
 [13] [14]
Overfull \hbox (0.56886pt too wide) in paragraph at lines 530--541
\T1/cmr/m/n/10.95 This work has been sup-ported by grants 1ET2011205-05 and 1ET
100300-
 []

(./jlre.bbl [15] References
Underfull \vbox (badness 4156) has occurred while \output is active []

 [16])
[17] (./jlre.aux) ) 
Here is how much of TeX's memory you used:
 6820 strings out of 493886
 89090 string characters out of 1151100
 163898 words of memory out of 3000000
 9901 multiletter control sequences out of 10000+50000
 20146 words of font info for 56 fonts, out of 3000000 for 5000
 719 hyphenation exceptions out of 8191
 36i,14n,26p,921b,395s stack positions out of 5000i,500n,10000p,200000b,50000s
pdfTeX warning (dest): name{cite.artstein:2007} has been ref
erenced but does not exist, replaced by a fixed one

pdfTeX warning (dest): name{cite.cohen:1968} has been referenced but does not e
xist, replaced by a fixed one

pdfTeX warning (dest): name{cite.melcuk:1992} has been referenced but does not 
exist, replaced by a fixed one

pdfTeX warning (dest): name{cite.hnatkova:2002} has been referenced but does no
t exist, replaced by a fixed one

pdfTeX warning (dest): name{cite.pajas:tred} has been referenced but does not e
xist, replaced by a fixed one

pdfTeX warning (dest): name{cite.pajas:2005} has been referenced but does not e
xist, replaced by a fixed one

pdfTeX warning (dest): name{cite.cermak:1988} has been referenced but does not 
exist, replaced by a fixed one

pdfTeX warning (dest): name{cite.eurovoc:07} has been referenced but does not e
xist, replaced by a fixed one

pdfTeX warning (dest): name{cite.smrz:03} has been referenced but does not exis
t, replaced by a fixed one

pdfTeX warning (dest): name{cite.hajic:2003} has been referenced but does not e
xist, replaced by a fixed one

pdfTeX warning (dest): name{cite.sag:2002} has been referenced but does not exi
st, replaced by a fixed one

pdfTeX warning (dest): name{cite.hajicova:1998} has been referenced but does no
t exist, replaced by a fixed one

pdfTeX warning (dest): name{cite.sgall-etal:1986} has been referenced but does 
not exist, replaced by a fixed one

pdfTeX warning (dest): name{cite.hajic:2005} has been referenced but does not e
xist, replaced by a fixed one

pdfTeX warning (dest): name{cite.propbank} has been referenced but does not exi
st, replaced by a fixed one

pdfTeX warning (dest): name{cite.nombank} has been referenced but does not exis
t, replaced by a fixed one

pdfTeX warning (dest): name{cite.sevcikova:2007} has been referenced but does n
ot exist, replaced by a fixed one

pdfTeX warning (dest): name{cite.hajic-cwn:04} has been referenced but does not
 exist, replaced by a fixed one

pdfTeX warning (dest): name{cite.mihalcea:1998} has been referenced but does no
t exist, replaced by a fixed one

pdfTeX warning (dest): name{cite.kilgarriff:1998} has been referenced but does 
not exist, replaced by a fixed one

{/usr/local/texlive/2008/texmf-dist/fonts/enc/dvips/cm-super/cm-super-t1.enc}</
usr/local/texlive/2008/texmf-dist/fonts/type1/bluesky/cm/cmex10.pfb></usr/local
/texlive/2008/texmf-dist/fonts/type1/bluesky/cm/cmmi10.pfb></usr/local/texlive/
2008/texmf-dist/fonts/type1/bluesky/cm/cmmi6.pfb></usr/local/texlive/2008/texmf
-dist/fonts/type1/bluesky/cm/cmmi8.pfb></usr/local/texlive/2008/texmf-dist/font
s/type1/bluesky/cm/cmmi9.pfb></usr/local/texlive/2008/texmf-dist/fonts/type1/bl
uesky/cm/cmr10.pfb></usr/local/texlive/2008/texmf-dist/fonts/type1/bluesky/cm/c
mr6.pfb></usr/local/texlive/2008/texmf-dist/fonts/type1/bluesky/cm/cmr8.pfb></u
sr/local/texlive/2008/texmf-dist/fonts/type1/bluesky/cm/cmr9.pfb></usr/local/te
xlive/2008/texmf-dist/fonts/type1/bluesky/cm/cmsy10.pfb></usr/local/texlive/200
8/texmf-dist/fonts/type1/bluesky/cm/cmsy8.pfb></usr/local/texlive/2008/texmf-di
st/fonts/type1/bluesky/cm/cmsy9.pfb></usr/local/texlive/2008/texmf-dist/fonts/t
ype1/public/cm-super/sfbx0900.pfb></usr/local/texlive/2008/texmf-dist/fonts/typ
e1/public/cm-super/sfbx1095.pfb></usr/local/texlive/2008/texmf-dist/fonts/type1
/public/cm-super/sfcc1095.pfb></usr/local/texlive/2008/texmf-dist/fonts/type1/p
ublic/cm-super/sfrm0600.pfb></usr/local/texlive/2008/texmf-dist/fonts/type1/pub
lic/cm-super/sfrm0800.pfb></usr/local/texlive/2008/texmf-dist/fonts/type1/publi
c/cm-super/sfrm0900.pfb></usr/local/texlive/2008/texmf-dist/fonts/type1/public/
cm-super/sfrm1095.pfb></usr/local/texlive/2008/texmf-dist/fonts/type1/public/cm
-super/sfrm1440.pfb></usr/local/texlive/2008/texmf-dist/fonts/type1/public/cm-s
uper/sfti0900.pfb></usr/local/texlive/2008/texmf-dist/fonts/type1/public/cm-sup
er/sfti1095.pfb></usr/local/texlive/2008/texmf-dist/fonts/type1/public/cm-super
/sftt0900.pfb></usr/local/texlive/2008/texmf-dist/fonts/type1/public/cm-super/s
ftt1095.pfb>
Output written on jlre.pdf (17 pages, 644049 bytes).
PDF statistics:
 520 PDF objects out of 1000 (max. 8388607)
 80 named destinations out of 1000 (max. 131072)
 143 words of extra memory for PDF output out of 10000 (max. 10000000)

